Started by user [8mha:////4NN5Fse7THPsjupEd2moMYpyUKuyR7RxcRmAqmtNdj2oAAAAlh+LCAAAAAAAAP9b85aBtbiIQTGjNKU4P08vOT+vOD8nVc83PyU1x6OyILUoJzMv2y+/JJUBAhiZGBgqihhk0NSjKDWzXb3RdlLBUSYGJk8GtpzUvPSSDB8G5tKinBIGIZ+sxLJE/ZzEvHT94JKizLx0a6BxUmjGOUNodHsLgAyWEgYu/dLi1CL9ovz8EgDKVWzSvwAAAA==[0mroot
Running as SYSTEM
Building in workspace /var/lib/jenkins/workspace/android
using credential c7728d92-9c0b-42f0-b20d-6bb724e96134
 > git rev-parse --is-inside-work-tree # timeout=10
Fetching changes from the remote Git repository
 > git config remote.origin.url https://github.com/kaleelcsa/android-test-demo.git # timeout=10
Fetching upstream changes from https://github.com/kaleelcsa/android-test-demo.git
 > git --version # timeout=10
using GIT_ASKPASS to set credentials 
 > git fetch --tags --progress https://github.com/kaleelcsa/android-test-demo.git +refs/heads/*:refs/remotes/origin/*
 > git rev-parse refs/remotes/origin/master^{commit} # timeout=10
 > git rev-parse refs/remotes/origin/origin/master^{commit} # timeout=10
Checking out Revision 5c26fdc14ac0bff4e7a8abdcf4d730c3e4166285 (refs/remotes/origin/master)
 > git config core.sparsecheckout # timeout=10
 > git checkout -f 5c26fdc14ac0bff4e7a8abdcf4d730c3e4166285
Commit message: "Create local.properties"
 > git rev-list --no-walk 5c26fdc14ac0bff4e7a8abdcf4d730c3e4166285 # timeout=10
[Gradle] - Launching build.
Unpacking https://services.gradle.org/distributions/gradle-3.0-bin.zip to /var/lib/jenkins/tools/hudson.plugins.gradle.GradleInstallation/gradle on Jenkins
[android] $ /var/lib/jenkins/tools/hudson.plugins.gradle.GradleInstallation/gradle/bin/gradle build
Starting a Gradle Daemon (subsequent builds will be faster)

FAILURE: Build failed with an exception.

* Where:
Build file '/var/lib/jenkins/workspace/android/app/build.gradle' line: 1

* What went wrong:
A problem occurred evaluating project ':app'.
> Failed to apply plugin [id 'com.android.application']
   > Minimum supported Gradle version is 4.1. Current version is 3.0. If using the gradle wrapper, try editing the distributionUrl in /var/lib/jenkins/workspace/android/gradle/wrapper/gradle-wrapper.properties to gradle-4.1-all.zip

* Try:
Run with --stacktrace option to get the stack trace. Run with --info or --debug option to get more log output.

[8mha:////4GkguWYLCFqp5TW4lC0WzohoYDvwW3mVm+oW7h7qaI0gAAAAYx+LCAAAAAAAAP9b85aBtbiIQT2jNKU4P0+vIKc0PTOvWC+9KDElJ1XPHUz5l5Yk5+em+uWXpNbNmqZ4mHPZIiYGhooiBimoruT8vOJ8oHJnCA1SyAABjCCFBQBI197DZQAAAA==[0mBUILD FAILED

Total time: 1 mins 55.539 secs
Build step 'Invoke Gradle script' changed build result to FAILURE
Build step 'Invoke Gradle script' marked build as failure
Finished: FAILURE
